0 info it worked if it ends with ok
1 verbose cli [ 'node',
1 verbose cli   '/usr/local/bin/npm',
1 verbose cli   'install',
1 verbose cli   '--save',
1 verbose cli   'bcrypt-node.js' ]
2 info using npm@1.4.28
3 info using node@v0.10.32
4 warn package.json api@1.0.0 No repository field.
5 warn package.json api@1.0.0 No README data
6 verbose readDependencies using package.json deps
7 verbose cache add [ 'bcrypt-node.js', null ]
8 verbose cache add name=undefined spec="bcrypt-node.js" args=["bcrypt-node.js",null]
9 verbose parsed url { protocol: null,
9 verbose parsed url   slashes: null,
9 verbose parsed url   auth: null,
9 verbose parsed url   host: null,
9 verbose parsed url   port: null,
9 verbose parsed url   hostname: null,
9 verbose parsed url   hash: null,
9 verbose parsed url   search: null,
9 verbose parsed url   query: null,
9 verbose parsed url   pathname: 'bcrypt-node.js',
9 verbose parsed url   path: 'bcrypt-node.js',
9 verbose parsed url   href: 'bcrypt-node.js' }
10 silly lockFile 5ad9d682-bcrypt-node-js bcrypt-node.js
11 verbose lock bcrypt-node.js /Users/pabloportabales/.npm/5ad9d682-bcrypt-node-js.lock
12 silly lockFile 5ad9d682-bcrypt-node-js bcrypt-node.js
13 silly lockFile 5ad9d682-bcrypt-node-js bcrypt-node.js
14 verbose addNamed [ 'bcrypt-node.js', '' ]
15 verbose addNamed [ null, '*' ]
16 silly lockFile 83427a79-bcrypt-node-js bcrypt-node.js@
17 verbose lock bcrypt-node.js@ /Users/pabloportabales/.npm/83427a79-bcrypt-node-js.lock
18 silly addNameRange { name: 'bcrypt-node.js', range: '*', hasData: false }
19 verbose request where is /bcrypt-node.js
20 verbose request registry https://registry.npmjs.org/
21 verbose request id ccaa3d9d5564c917
22 verbose url raw /bcrypt-node.js
23 verbose url resolving [ 'https://registry.npmjs.org/', './bcrypt-node.js' ]
24 verbose url resolved https://registry.npmjs.org/bcrypt-node.js
25 verbose request where is https://registry.npmjs.org/bcrypt-node.js
26 info trying registry request attempt 1 at 15:37:36
27 http GET https://registry.npmjs.org/bcrypt-node.js
28 http 404 https://registry.npmjs.org/bcrypt-node.js
29 verbose headers { date: 'Mon, 17 Nov 2014 15:37:28 GMT',
29 verbose headers   server: 'CouchDB/1.5.0 (Erlang OTP/R16B03)',
29 verbose headers   'content-type': 'application/json',
29 verbose headers   'cache-control': 'max-age=0',
29 verbose headers   'content-length': '52',
29 verbose headers   'accept-ranges': 'bytes',
29 verbose headers   via: '1.1 varnish',
29 verbose headers   age: '0',
29 verbose headers   'x-served-by': 'cache-ams4130-AMS',
29 verbose headers   'x-cache': 'MISS',
29 verbose headers   'x-cache-hits': '0',
29 verbose headers   'x-timer': 'S1416238648.779934,VS0,VE164',
29 verbose headers   'keep-alive': 'timeout=10, max=50',
29 verbose headers   connection: 'Keep-Alive' }
30 silly registry.get cb [ 404,
30 silly registry.get   { date: 'Mon, 17 Nov 2014 15:37:28 GMT',
30 silly registry.get     server: 'CouchDB/1.5.0 (Erlang OTP/R16B03)',
30 silly registry.get     'content-type': 'application/json',
30 silly registry.get     'cache-control': 'max-age=0',
30 silly registry.get     'content-length': '52',
30 silly registry.get     'accept-ranges': 'bytes',
30 silly registry.get     via: '1.1 varnish',
30 silly registry.get     age: '0',
30 silly registry.get     'x-served-by': 'cache-ams4130-AMS',
30 silly registry.get     'x-cache': 'MISS',
30 silly registry.get     'x-cache-hits': '0',
30 silly registry.get     'x-timer': 'S1416238648.779934,VS0,VE164',
30 silly registry.get     'keep-alive': 'timeout=10, max=50',
30 silly registry.get     connection: 'Keep-Alive' } ]
31 silly lockFile 83427a79-bcrypt-node-js bcrypt-node.js@
32 silly lockFile 83427a79-bcrypt-node-js bcrypt-node.js@
33 error 404 404 Not Found: bcrypt-node.js
33 error 404
33 error 404 'bcrypt-node.js' is not in the npm registry.
33 error 404 You should bug the author to publish it
33 error 404 It was specified as a dependency of 'api'
33 error 404
33 error 404 Maybe try 'npm search bcrypt node'
33 error 404
33 error 404 Note that you can also install from a
33 error 404 tarball, folder, or http url, or git url.
34 error System Darwin 13.4.0
35 error command "node" "/usr/local/bin/npm" "install" "--save" "bcrypt-node.js"
36 error cwd /Users/pabloportabales/projects/Makers/tokenAuth/api
37 error node -v v0.10.32
38 error npm -v 1.4.28
39 error code E404
40 verbose exit [ 1, true ]
